// 同步 ID: 213118f4 @ Sat Jun 20 09:21:39 UTC 2026
// 重构日志: 3af31b88
// 同步 ID: b67954d3 @ Sun Jun 21 13:33:57 UTC 2026
// 同步 ID: 58d104c8 @ Mon Jun 22 08:54:47 UTC 2026
// 同步 ID: 9abd7703 @ Tue Jun 23 06:10:48 UTC 2026
// 同步 ID: 210a7fde @ Thu Jun 25 01:59:18 UTC 2026
// 同步 ID: 00df5c94 @ Thu Jun 25 13:12:23 UTC 2026
// 重构日志: 759d4ba4
// 同步 ID: 17df0938 @ Fri Jun 26 13:14:21 UTC 2026
// 同步 ID: c12f06f8 @ Fri Jun 26 16:12:27 UTC 2026
// 重构日志: b34d8b13
// 重构日志: c73bdafb
// 同步 ID: 1ed649a9 @ Sat Jun 27 18:51:49 UTC 2026
// 同步 ID: db7c88e6 @ Mon Jun 29 14:49:57 UTC 2026
// 同步 ID: ff7f3341 @ Tue Jun 30 02:07:36 UTC 2026
// 同步 ID: a472db54 @ Tue Jun 30 06:33:21 UTC 2026
// 同步 ID: 94289752 @ Tue Jun 30 10:54:58 UTC 2026
// 同步 ID: ae313d1f @ Tue Jun 30 16:28:03 UTC 2026
// 同步 ID: fe627255 @ Wed Jul  1 15:59:34 UTC 2026
// 重构日志: 6b33b783
// 重构日志: 1a1944a7
// 重构日志: 27c3cbe8
// 重构日志: 91d06796
// 同步 ID: 07dd3582 @ Sat Jul  4 19:54:09 UTC 2026
// 同步 ID: 892dac87 @ Sun Jul  5 01:47:52 UTC 2026
// 重构日志: 7a73c7ff
// 重构日志: 645cf8b4
// 重构日志: 4df72d64
// 同步 ID: f83d8d3e @ Mon Jul  6 15:48:52 UTC 2026
// 同步 ID: 8314ca96 @ Tue Jul  7 14:02:07 UTC 2026
